c:\program files\microsoft sdks\windows\v7.1\samples\multimedia\directshow\baseclasses - vc2010\x64\debug_mbcs\outputq.obj
c:\program files\microsoft sdks\windows\v7.1\samples\multimedia\directshow\baseclasses - vc2010\x64\debug_mbcs\perflog.obj
c:\program files\microsoft sdks\windows\v7.1\samples\multimedia\directshow\baseclasses - vc2010\x64\debug_mbcs\pstream.obj
c:\program files\microsoft sdks\windows\v7.1\samples\multimedia\directshow\baseclasses - vc2010\x64\debug_mbcs\pullpin.obj
c:\program files\microsoft sdks\windows\v7.1\samples\multimedia\directshow\baseclasses - vc2010\x64\debug_mbcs\refclock.obj
c:\program files\microsoft sdks\windows\v7.1\samples\multimedia\directshow\baseclasses - vc2010\x64\debug_mbcs\renbase.obj
c:\program files\microsoft sdks\windows\v7.1\samples\multimedia\directshow\baseclasses - vc2010\x64\debug_mbcs\schedule.obj
c:\program files\microsoft sdks\windows\v7.1\samples\multimedia\directshow\baseclasses - vc2010\x64\debug_mbcs\seekpt.obj
c:\program files\microsoft sdks\windows\v7.1\samples\multimedia\directshow\baseclasses - vc2010\x64\debug_mbcs\source.obj
c:\program files\microsoft sdks\windows\v7.1\samples\multimedia\directshow\baseclasses - vc2010\x64\debug_mbcs\strmctl.obj
c:\program files\microsoft sdks\windows\v7.1\samples\multimedia\directshow\baseclasses - vc2010\x64\debug_mbcs\sysclock.obj
c:\program files\microsoft sdks\windows\v7.1\samples\multimedia\directshow\baseclasses - vc2010\x64\debug_mbcs\transfrm.obj
c:\program files\microsoft sdks\windows\v7.1\samples\multimedia\directshow\baseclasses - vc2010\x64\debug_mbcs\transip.obj
c:\program files\microsoft sdks\windows\v7.1\samples\multimedia\directshow\baseclasses - vc2010\x64\debug_mbcs\videoctl.obj
c:\program files\microsoft sdks\windows\v7.1\samples\multimedia\directshow\baseclasses - vc2010\x64\debug_mbcs\vtrans.obj
c:\program files\microsoft sdks\windows\v7.1\samples\multimedia\directshow\baseclasses - vc2010\x64\debug_mbcs\winctrl.obj
c:\program files\microsoft sdks\windows\v7.1\samples\multimedia\directshow\baseclasses - vc2010\x64\debug_mbcs\winutil.obj
c:\program files\microsoft sdks\windows\v7.1\samples\multimedia\directshow\baseclasses - vc2010\x64\debug_mbcs\wxdebug.obj
c:\program files\microsoft sdks\windows\v7.1\samples\multimedia\directshow\baseclasses - vc2010\x64\debug_mbcs\wxlist.obj
c:\program files\microsoft sdks\windows\v7.1\samples\multimedia\directshow\baseclasses - vc2010\x64\debug_mbcs\wxutil.obj
c:\program files\microsoft sdks\windows\v7.1\samples\multimedia\directshow\baseclasses - vc2010\x64\debug_mbcs\amextra.obj
c:\program files\microsoft sdks\windows\v7.1\samples\multimedia\directshow\baseclasses - vc2010\x64\debug_mbcs\amfilter.obj
c:\program files\microsoft sdks\windows\v7.1\samples\multimedia\directshow\baseclasses - vc2010\x64\debug_mbcs\amvideo.obj
c:\program files\microsoft sdks\windows\v7.1\samples\multimedia\directshow\baseclasses - vc2010\x64\debug_mbcs\arithutil.obj
c:\program files\microsoft sdks\windows\v7.1\samples\multimedia\directshow\baseclasses - vc2010\x64\debug_mbcs\combase.obj
c:\program files\microsoft sdks\windows\v7.1\samples\multimedia\directshow\baseclasses - vc2010\x64\debug_mbcs\cprop.obj
c:\program files\microsoft sdks\windows\v7.1\samples\multimedia\directshow\baseclasses - vc2010\x64\debug_mbcs\ctlutil.obj
c:\program files\microsoft sdks\windows\v7.1\samples\multimedia\directshow\baseclasses - vc2010\x64\debug_mbcs\ddmm.obj
c:\program files\microsoft sdks\windows\v7.1\samples\multimedia\directshow\baseclasses - vc2010\x64\debug_mbcs\dllentry.obj
c:\program files\microsoft sdks\windows\v7.1\samples\multimedia\directshow\baseclasses - vc2010\x64\debug_mbcs\dllsetup.obj
c:\program files\microsoft sdks\windows\v7.1\samples\multimedia\directshow\baseclasses - vc2010\x64\debug_mbcs\mtype.obj
c:\program files\microsoft sdks\windows\v7.1\samples\multimedia\directshow\baseclasses - vc2010\x64\debug_mbcs\vc100.pdb
c:\program files\microsoft sdks\windows\v7.1\samples\multimedia\directshow\baseclasses - vc2010\x64\debug_mbcs\strmbasd.lib
v:\00__develop\_c1\hefd_mcs__vc2017__v1.0\hefd_mcs\hefd_mcs\directshow\baseclasses\x64\debug_mbcs\amextra.obj
v:\00__develop\_c1\hefd_mcs__vc2017__v1.0\hefd_mcs\hefd_mcs\directshow\baseclasses\x64\debug_mbcs\amfilter.obj
v:\00__develop\_c1\hefd_mcs__vc2017__v1.0\hefd_mcs\hefd_mcs\directshow\baseclasses\x64\debug_mbcs\amvideo.obj
v:\00__develop\_c1\hefd_mcs__vc2017__v1.0\hefd_mcs\hefd_mcs\directshow\baseclasses\x64\debug_mbcs\arithutil.obj
v:\00__develop\_c1\hefd_mcs__vc2017__v1.0\hefd_mcs\hefd_mcs\directshow\baseclasses\x64\debug_mbcs\combase.obj
v:\00__develop\_c1\hefd_mcs__vc2017__v1.0\hefd_mcs\hefd_mcs\directshow\baseclasses\x64\debug_mbcs\cprop.obj
v:\00__develop\_c1\hefd_mcs__vc2017__v1.0\hefd_mcs\hefd_mcs\directshow\baseclasses\x64\debug_mbcs\ctlutil.obj
v:\00__develop\_c1\hefd_mcs__vc2017__v1.0\hefd_mcs\hefd_mcs\directshow\baseclasses\x64\debug_mbcs\ddmm.obj
v:\00__develop\_c1\hefd_mcs__vc2017__v1.0\hefd_mcs\hefd_mcs\directshow\baseclasses\x64\debug_mbcs\dllentry.obj
v:\00__develop\_c1\hefd_mcs__vc2017__v1.0\hefd_mcs\hefd_mcs\directshow\baseclasses\x64\debug_mbcs\dllsetup.obj
v:\00__develop\_c1\hefd_mcs__vc2017__v1.0\hefd_mcs\hefd_mcs\directshow\baseclasses\x64\debug_mbcs\mtype.obj
v:\00__develop\_c1\hefd_mcs__vc2017__v1.0\hefd_mcs\hefd_mcs\directshow\baseclasses\x64\debug_mbcs\outputq.obj
v:\00__develop\_c1\hefd_mcs__vc2017__v1.0\hefd_mcs\hefd_mcs\directshow\baseclasses\x64\debug_mbcs\perflog.obj
v:\00__develop\_c1\hefd_mcs__vc2017__v1.0\hefd_mcs\hefd_mcs\directshow\baseclasses\x64\debug_mbcs\pstream.obj
v:\00__develop\_c1\hefd_mcs__vc2017__v1.0\hefd_mcs\hefd_mcs\directshow\baseclasses\x64\debug_mbcs\pullpin.obj
v:\00__develop\_c1\hefd_mcs__vc2017__v1.0\hefd_mcs\hefd_mcs\directshow\baseclasses\x64\debug_mbcs\refclock.obj
v:\00__develop\_c1\hefd_mcs__vc2017__v1.0\hefd_mcs\hefd_mcs\directshow\baseclasses\x64\debug_mbcs\renbase.obj
v:\00__develop\_c1\hefd_mcs__vc2017__v1.0\hefd_mcs\hefd_mcs\directshow\baseclasses\x64\debug_mbcs\schedule.obj
v:\00__develop\_c1\hefd_mcs__vc2017__v1.0\hefd_mcs\hefd_mcs\directshow\baseclasses\x64\debug_mbcs\seekpt.obj
v:\00__develop\_c1\hefd_mcs__vc2017__v1.0\hefd_mcs\hefd_mcs\directshow\baseclasses\x64\debug_mbcs\source.obj
v:\00__develop\_c1\hefd_mcs__vc2017__v1.0\hefd_mcs\hefd_mcs\directshow\baseclasses\x64\debug_mbcs\strmctl.obj
v:\00__develop\_c1\hefd_mcs__vc2017__v1.0\hefd_mcs\hefd_mcs\directshow\baseclasses\x64\debug_mbcs\sysclock.obj
v:\00__develop\_c1\hefd_mcs__vc2017__v1.0\hefd_mcs\hefd_mcs\directshow\baseclasses\x64\debug_mbcs\transfrm.obj
v:\00__develop\_c1\hefd_mcs__vc2017__v1.0\hefd_mcs\hefd_mcs\directshow\baseclasses\x64\debug_mbcs\transip.obj
v:\00__develop\_c1\hefd_mcs__vc2017__v1.0\hefd_mcs\hefd_mcs\directshow\baseclasses\x64\debug_mbcs\videoctl.obj
v:\00__develop\_c1\hefd_mcs__vc2017__v1.0\hefd_mcs\hefd_mcs\directshow\baseclasses\x64\debug_mbcs\vtrans.obj
v:\00__develop\_c1\hefd_mcs__vc2017__v1.0\hefd_mcs\hefd_mcs\directshow\baseclasses\x64\debug_mbcs\winctrl.obj
v:\00__develop\_c1\hefd_mcs__vc2017__v1.0\hefd_mcs\hefd_mcs\directshow\baseclasses\x64\debug_mbcs\winutil.obj
v:\00__develop\_c1\hefd_mcs__vc2017__v1.0\hefd_mcs\hefd_mcs\directshow\baseclasses\x64\debug_mbcs\wxdebug.obj
v:\00__develop\_c1\hefd_mcs__vc2017__v1.0\hefd_mcs\hefd_mcs\directshow\baseclasses\x64\debug_mbcs\wxlist.obj
v:\00__develop\_c1\hefd_mcs__vc2017__v1.0\hefd_mcs\hefd_mcs\directshow\baseclasses\x64\debug_mbcs\wxutil.obj
v:\00__develop\_c1\hefd_mcs__vc2017__v1.0\hefd_mcs\hefd_mcs\directshow\baseclasses\x64\debug_mbcs\baseclasses.write.1.tlog
v:\00__develop\_c1\hefd_mcs__vc2017__v1.0\hefd_mcs\hefd_mcs\directshow\baseclasses\x64\debug_mbcs\cl.command.1.tlog
v:\00__develop\_c1\hefd_mcs__vc2017__v1.0\hefd_mcs\hefd_mcs\directshow\baseclasses\x64\debug_mbcs\cl.read.1.tlog
v:\00__develop\_c1\hefd_mcs__vc2017__v1.0\hefd_mcs\hefd_mcs\directshow\baseclasses\x64\debug_mbcs\cl.write.1.tlog
v:\00__develop\_c1\hefd_mcs__vc2017__v1.0\hefd_mcs\hefd_mcs\directshow\baseclasses\x64\debug_mbcs\lib-link.read.1.tlog
v:\00__develop\_c1\hefd_mcs__vc2017__v1.0\hefd_mcs\hefd_mcs\directshow\baseclasses\x64\debug_mbcs\lib-link.write.1.tlog
v:\00__develop\_c1\hefd_mcs__vc2017__v1.0\hefd_mcs\hefd_mcs\directshow\baseclasses\x64\debug_mbcs\lib.command.1.tlog
v:\00__develop\_c1\hefd_mcs__vc2017__v1.0\hefd_mcs\hefd_mcs\directshow\baseclasses\x64\debug_mbcs\vc100.idb
v:\00__develop\_c1\hefd_mcs__vc2017__v1.0\hefd_mcs\hefd_mcs\directshow\baseclasses\x64\debug_mbcs\vc100.pdb
