c:\program files\microsoft sdks\windows\v7.1\samples\multimedia\directshow\baseclasses - vc2010\x64\debug\outputq.obj
c:\program files\microsoft sdks\windows\v7.1\samples\multimedia\directshow\baseclasses - vc2010\x64\debug\perflog.obj
c:\program files\microsoft sdks\windows\v7.1\samples\multimedia\directshow\baseclasses - vc2010\x64\debug\pstream.obj
c:\program files\microsoft sdks\windows\v7.1\samples\multimedia\directshow\baseclasses - vc2010\x64\debug\pullpin.obj
c:\program files\microsoft sdks\windows\v7.1\samples\multimedia\directshow\baseclasses - vc2010\x64\debug\refclock.obj
c:\program files\microsoft sdks\windows\v7.1\samples\multimedia\directshow\baseclasses - vc2010\x64\debug\renbase.obj
c:\program files\microsoft sdks\windows\v7.1\samples\multimedia\directshow\baseclasses - vc2010\x64\debug\schedule.obj
c:\program files\microsoft sdks\windows\v7.1\samples\multimedia\directshow\baseclasses - vc2010\x64\debug\seekpt.obj
c:\program files\microsoft sdks\windows\v7.1\samples\multimedia\directshow\baseclasses - vc2010\x64\debug\source.obj
c:\program files\microsoft sdks\windows\v7.1\samples\multimedia\directshow\baseclasses - vc2010\x64\debug\strmctl.obj
c:\program files\microsoft sdks\windows\v7.1\samples\multimedia\directshow\baseclasses - vc2010\x64\debug\sysclock.obj
c:\program files\microsoft sdks\windows\v7.1\samples\multimedia\directshow\baseclasses - vc2010\x64\debug\transfrm.obj
c:\program files\microsoft sdks\windows\v7.1\samples\multimedia\directshow\baseclasses - vc2010\x64\debug\transip.obj
c:\program files\microsoft sdks\windows\v7.1\samples\multimedia\directshow\baseclasses - vc2010\x64\debug\videoctl.obj
c:\program files\microsoft sdks\windows\v7.1\samples\multimedia\directshow\baseclasses - vc2010\x64\debug\vtrans.obj
c:\program files\microsoft sdks\windows\v7.1\samples\multimedia\directshow\baseclasses - vc2010\x64\debug\winctrl.obj
c:\program files\microsoft sdks\windows\v7.1\samples\multimedia\directshow\baseclasses - vc2010\x64\debug\winutil.obj
c:\program files\microsoft sdks\windows\v7.1\samples\multimedia\directshow\baseclasses - vc2010\x64\debug\wxdebug.obj
c:\program files\microsoft sdks\windows\v7.1\samples\multimedia\directshow\baseclasses - vc2010\x64\debug\wxlist.obj
c:\program files\microsoft sdks\windows\v7.1\samples\multimedia\directshow\baseclasses - vc2010\x64\debug\wxutil.obj
c:\program files\microsoft sdks\windows\v7.1\samples\multimedia\directshow\baseclasses - vc2010\x64\debug\amextra.obj
c:\program files\microsoft sdks\windows\v7.1\samples\multimedia\directshow\baseclasses - vc2010\x64\debug\amfilter.obj
c:\program files\microsoft sdks\windows\v7.1\samples\multimedia\directshow\baseclasses - vc2010\x64\debug\amvideo.obj
c:\program files\microsoft sdks\windows\v7.1\samples\multimedia\directshow\baseclasses - vc2010\x64\debug\arithutil.obj
c:\program files\microsoft sdks\windows\v7.1\samples\multimedia\directshow\baseclasses - vc2010\x64\debug\combase.obj
c:\program files\microsoft sdks\windows\v7.1\samples\multimedia\directshow\baseclasses - vc2010\x64\debug\cprop.obj
c:\program files\microsoft sdks\windows\v7.1\samples\multimedia\directshow\baseclasses - vc2010\x64\debug\ctlutil.obj
c:\program files\microsoft sdks\windows\v7.1\samples\multimedia\directshow\baseclasses - vc2010\x64\debug\ddmm.obj
c:\program files\microsoft sdks\windows\v7.1\samples\multimedia\directshow\baseclasses - vc2010\x64\debug\dllentry.obj
c:\program files\microsoft sdks\windows\v7.1\samples\multimedia\directshow\baseclasses - vc2010\x64\debug\dllsetup.obj
c:\program files\microsoft sdks\windows\v7.1\samples\multimedia\directshow\baseclasses - vc2010\x64\debug\mtype.obj
c:\program files\microsoft sdks\windows\v7.1\samples\multimedia\directshow\baseclasses - vc2010\x64\debug\vc100.pdb
c:\program files\microsoft sdks\windows\v7.1\samples\multimedia\directshow\baseclasses - vc2010\x64\debug\strmbasd.lib
v:\00__develop\_c1\hefd_mcs__vc2017__v1.0\hefd_mcs\hefd_mcs\directshow\baseclasses\x64\debug\amextra.obj
v:\00__develop\_c1\hefd_mcs__vc2017__v1.0\hefd_mcs\hefd_mcs\directshow\baseclasses\x64\debug\amfilter.obj
v:\00__develop\_c1\hefd_mcs__vc2017__v1.0\hefd_mcs\hefd_mcs\directshow\baseclasses\x64\debug\amvideo.obj
v:\00__develop\_c1\hefd_mcs__vc2017__v1.0\hefd_mcs\hefd_mcs\directshow\baseclasses\x64\debug\arithutil.obj
v:\00__develop\_c1\hefd_mcs__vc2017__v1.0\hefd_mcs\hefd_mcs\directshow\baseclasses\x64\debug\combase.obj
v:\00__develop\_c1\hefd_mcs__vc2017__v1.0\hefd_mcs\hefd_mcs\directshow\baseclasses\x64\debug\cprop.obj
v:\00__develop\_c1\hefd_mcs__vc2017__v1.0\hefd_mcs\hefd_mcs\directshow\baseclasses\x64\debug\ctlutil.obj
v:\00__develop\_c1\hefd_mcs__vc2017__v1.0\hefd_mcs\hefd_mcs\directshow\baseclasses\x64\debug\ddmm.obj
v:\00__develop\_c1\hefd_mcs__vc2017__v1.0\hefd_mcs\hefd_mcs\directshow\baseclasses\x64\debug\dllentry.obj
v:\00__develop\_c1\hefd_mcs__vc2017__v1.0\hefd_mcs\hefd_mcs\directshow\baseclasses\x64\debug\dllsetup.obj
v:\00__develop\_c1\hefd_mcs__vc2017__v1.0\hefd_mcs\hefd_mcs\directshow\baseclasses\x64\debug\mtype.obj
v:\00__develop\_c1\hefd_mcs__vc2017__v1.0\hefd_mcs\hefd_mcs\directshow\baseclasses\x64\debug\outputq.obj
v:\00__develop\_c1\hefd_mcs__vc2017__v1.0\hefd_mcs\hefd_mcs\directshow\baseclasses\x64\debug\perflog.obj
v:\00__develop\_c1\hefd_mcs__vc2017__v1.0\hefd_mcs\hefd_mcs\directshow\baseclasses\x64\debug\pstream.obj
v:\00__develop\_c1\hefd_mcs__vc2017__v1.0\hefd_mcs\hefd_mcs\directshow\baseclasses\x64\debug\pullpin.obj
v:\00__develop\_c1\hefd_mcs__vc2017__v1.0\hefd_mcs\hefd_mcs\directshow\baseclasses\x64\debug\refclock.obj
v:\00__develop\_c1\hefd_mcs__vc2017__v1.0\hefd_mcs\hefd_mcs\directshow\baseclasses\x64\debug\renbase.obj
v:\00__develop\_c1\hefd_mcs__vc2017__v1.0\hefd_mcs\hefd_mcs\directshow\baseclasses\x64\debug\schedule.obj
v:\00__develop\_c1\hefd_mcs__vc2017__v1.0\hefd_mcs\hefd_mcs\directshow\baseclasses\x64\debug\seekpt.obj
v:\00__develop\_c1\hefd_mcs__vc2017__v1.0\hefd_mcs\hefd_mcs\directshow\baseclasses\x64\debug\source.obj
v:\00__develop\_c1\hefd_mcs__vc2017__v1.0\hefd_mcs\hefd_mcs\directshow\baseclasses\x64\debug\strmctl.obj
v:\00__develop\_c1\hefd_mcs__vc2017__v1.0\hefd_mcs\hefd_mcs\directshow\baseclasses\x64\debug\sysclock.obj
v:\00__develop\_c1\hefd_mcs__vc2017__v1.0\hefd_mcs\hefd_mcs\directshow\baseclasses\x64\debug\transfrm.obj
v:\00__develop\_c1\hefd_mcs__vc2017__v1.0\hefd_mcs\hefd_mcs\directshow\baseclasses\x64\debug\transip.obj
v:\00__develop\_c1\hefd_mcs__vc2017__v1.0\hefd_mcs\hefd_mcs\directshow\baseclasses\x64\debug\videoctl.obj
v:\00__develop\_c1\hefd_mcs__vc2017__v1.0\hefd_mcs\hefd_mcs\directshow\baseclasses\x64\debug\vtrans.obj
v:\00__develop\_c1\hefd_mcs__vc2017__v1.0\hefd_mcs\hefd_mcs\directshow\baseclasses\x64\debug\winctrl.obj
v:\00__develop\_c1\hefd_mcs__vc2017__v1.0\hefd_mcs\hefd_mcs\directshow\baseclasses\x64\debug\winutil.obj
v:\00__develop\_c1\hefd_mcs__vc2017__v1.0\hefd_mcs\hefd_mcs\directshow\baseclasses\x64\debug\wxdebug.obj
v:\00__develop\_c1\hefd_mcs__vc2017__v1.0\hefd_mcs\hefd_mcs\directshow\baseclasses\x64\debug\wxlist.obj
v:\00__develop\_c1\hefd_mcs__vc2017__v1.0\hefd_mcs\hefd_mcs\directshow\baseclasses\x64\debug\wxutil.obj
v:\00__develop\_c1\hefd_mcs__vc2017__v1.0\hefd_mcs\hefd_mcs\directshow\baseclasses\x64\debug\baseclasses.write.1.tlog
v:\00__develop\_c1\hefd_mcs__vc2017__v1.0\hefd_mcs\hefd_mcs\directshow\baseclasses\x64\debug\cl.command.1.tlog
v:\00__develop\_c1\hefd_mcs__vc2017__v1.0\hefd_mcs\hefd_mcs\directshow\baseclasses\x64\debug\cl.read.1.tlog
v:\00__develop\_c1\hefd_mcs__vc2017__v1.0\hefd_mcs\hefd_mcs\directshow\baseclasses\x64\debug\cl.write.1.tlog
v:\00__develop\_c1\hefd_mcs__vc2017__v1.0\hefd_mcs\hefd_mcs\directshow\baseclasses\x64\debug\lib-link.read.1.tlog
v:\00__develop\_c1\hefd_mcs__vc2017__v1.0\hefd_mcs\hefd_mcs\directshow\baseclasses\x64\debug\lib-link.write.1.tlog
v:\00__develop\_c1\hefd_mcs__vc2017__v1.0\hefd_mcs\hefd_mcs\directshow\baseclasses\x64\debug\lib.command.1.tlog
v:\00__develop\_c1\hefd_mcs__vc2017__v1.0\hefd_mcs\hefd_mcs\directshow\baseclasses\x64\debug\vc100.idb
v:\00__develop\_c1\hefd_mcs__vc2017__v1.0\hefd_mcs\hefd_mcs\directshow\baseclasses\x64\debug\vc100.pdb
