c:\program files\microsoft sdks\windows\v7.1\samples\multimedia\directshow\baseclasses - vc2010\debug\outputq.obj
c:\program files\microsoft sdks\windows\v7.1\samples\multimedia\directshow\baseclasses - vc2010\debug\perflog.obj
c:\program files\microsoft sdks\windows\v7.1\samples\multimedia\directshow\baseclasses - vc2010\debug\pstream.obj
c:\program files\microsoft sdks\windows\v7.1\samples\multimedia\directshow\baseclasses - vc2010\debug\pullpin.obj
c:\program files\microsoft sdks\windows\v7.1\samples\multimedia\directshow\baseclasses - vc2010\debug\refclock.obj
c:\program files\microsoft sdks\windows\v7.1\samples\multimedia\directshow\baseclasses - vc2010\debug\renbase.obj
c:\program files\microsoft sdks\windows\v7.1\samples\multimedia\directshow\baseclasses - vc2010\debug\schedule.obj
c:\program files\microsoft sdks\windows\v7.1\samples\multimedia\directshow\baseclasses - vc2010\debug\seekpt.obj
c:\program files\microsoft sdks\windows\v7.1\samples\multimedia\directshow\baseclasses - vc2010\debug\source.obj
c:\program files\microsoft sdks\windows\v7.1\samples\multimedia\directshow\baseclasses - vc2010\debug\strmctl.obj
c:\program files\microsoft sdks\windows\v7.1\samples\multimedia\directshow\baseclasses - vc2010\debug\sysclock.obj
c:\program files\microsoft sdks\windows\v7.1\samples\multimedia\directshow\baseclasses - vc2010\debug\transfrm.obj
c:\program files\microsoft sdks\windows\v7.1\samples\multimedia\directshow\baseclasses - vc2010\debug\transip.obj
c:\program files\microsoft sdks\windows\v7.1\samples\multimedia\directshow\baseclasses - vc2010\debug\videoctl.obj
c:\program files\microsoft sdks\windows\v7.1\samples\multimedia\directshow\baseclasses - vc2010\debug\vtrans.obj
c:\program files\microsoft sdks\windows\v7.1\samples\multimedia\directshow\baseclasses - vc2010\debug\winctrl.obj
c:\program files\microsoft sdks\windows\v7.1\samples\multimedia\directshow\baseclasses - vc2010\debug\winutil.obj
c:\program files\microsoft sdks\windows\v7.1\samples\multimedia\directshow\baseclasses - vc2010\debug\wxdebug.obj
c:\program files\microsoft sdks\windows\v7.1\samples\multimedia\directshow\baseclasses - vc2010\debug\wxlist.obj
c:\program files\microsoft sdks\windows\v7.1\samples\multimedia\directshow\baseclasses - vc2010\debug\wxutil.obj
c:\program files\microsoft sdks\windows\v7.1\samples\multimedia\directshow\baseclasses - vc2010\debug\amextra.obj
c:\program files\microsoft sdks\windows\v7.1\samples\multimedia\directshow\baseclasses - vc2010\debug\amfilter.obj
c:\program files\microsoft sdks\windows\v7.1\samples\multimedia\directshow\baseclasses - vc2010\debug\amvideo.obj
c:\program files\microsoft sdks\windows\v7.1\samples\multimedia\directshow\baseclasses - vc2010\debug\arithutil.obj
c:\program files\microsoft sdks\windows\v7.1\samples\multimedia\directshow\baseclasses - vc2010\debug\combase.obj
c:\program files\microsoft sdks\windows\v7.1\samples\multimedia\directshow\baseclasses - vc2010\debug\cprop.obj
c:\program files\microsoft sdks\windows\v7.1\samples\multimedia\directshow\baseclasses - vc2010\debug\ctlutil.obj
c:\program files\microsoft sdks\windows\v7.1\samples\multimedia\directshow\baseclasses - vc2010\debug\ddmm.obj
c:\program files\microsoft sdks\windows\v7.1\samples\multimedia\directshow\baseclasses - vc2010\debug\dllentry.obj
c:\program files\microsoft sdks\windows\v7.1\samples\multimedia\directshow\baseclasses - vc2010\debug\dllsetup.obj
c:\program files\microsoft sdks\windows\v7.1\samples\multimedia\directshow\baseclasses - vc2010\debug\mtype.obj
c:\program files\microsoft sdks\windows\v7.1\samples\multimedia\directshow\baseclasses - vc2010\debug\vc100.pdb
c:\program files\microsoft sdks\windows\v7.1\samples\multimedia\directshow\baseclasses - vc2010\debug\strmbasd.lib
v:\00__develop\_c1\hefd_mcs__vc2017__v1.0\hefd_mcs\hefd_mcs\directshow\baseclasses\debug\baseclasses.pdb
v:\00__develop\_c1\hefd_mcs__vc2017__v1.0\hefd_mcs\hefd_mcs\directshow\baseclasses\debug\baseclasses.idb
v:\00__develop\_c1\hefd_mcs__vc2017__v1.0\hefd_mcs\hefd_mcs\directshow\baseclasses\debug\outputq.obj
v:\00__develop\_c1\hefd_mcs__vc2017__v1.0\hefd_mcs\hefd_mcs\directshow\baseclasses\debug\perflog.obj
v:\00__develop\_c1\hefd_mcs__vc2017__v1.0\hefd_mcs\hefd_mcs\directshow\baseclasses\debug\pstream.obj
v:\00__develop\_c1\hefd_mcs__vc2017__v1.0\hefd_mcs\hefd_mcs\directshow\baseclasses\debug\pullpin.obj
v:\00__develop\_c1\hefd_mcs__vc2017__v1.0\hefd_mcs\hefd_mcs\directshow\baseclasses\debug\refclock.obj
v:\00__develop\_c1\hefd_mcs__vc2017__v1.0\hefd_mcs\hefd_mcs\directshow\baseclasses\debug\renbase.obj
v:\00__develop\_c1\hefd_mcs__vc2017__v1.0\hefd_mcs\hefd_mcs\directshow\baseclasses\debug\schedule.obj
v:\00__develop\_c1\hefd_mcs__vc2017__v1.0\hefd_mcs\hefd_mcs\directshow\baseclasses\debug\seekpt.obj
v:\00__develop\_c1\hefd_mcs__vc2017__v1.0\hefd_mcs\hefd_mcs\directshow\baseclasses\debug\source.obj
v:\00__develop\_c1\hefd_mcs__vc2017__v1.0\hefd_mcs\hefd_mcs\directshow\baseclasses\debug\strmctl.obj
v:\00__develop\_c1\hefd_mcs__vc2017__v1.0\hefd_mcs\hefd_mcs\directshow\baseclasses\debug\sysclock.obj
v:\00__develop\_c1\hefd_mcs__vc2017__v1.0\hefd_mcs\hefd_mcs\directshow\baseclasses\debug\transfrm.obj
v:\00__develop\_c1\hefd_mcs__vc2017__v1.0\hefd_mcs\hefd_mcs\directshow\baseclasses\debug\transip.obj
v:\00__develop\_c1\hefd_mcs__vc2017__v1.0\hefd_mcs\hefd_mcs\directshow\baseclasses\debug\videoctl.obj
v:\00__develop\_c1\hefd_mcs__vc2017__v1.0\hefd_mcs\hefd_mcs\directshow\baseclasses\debug\vtrans.obj
v:\00__develop\_c1\hefd_mcs__vc2017__v1.0\hefd_mcs\hefd_mcs\directshow\baseclasses\debug\winctrl.obj
v:\00__develop\_c1\hefd_mcs__vc2017__v1.0\hefd_mcs\hefd_mcs\directshow\baseclasses\debug\winutil.obj
v:\00__develop\_c1\hefd_mcs__vc2017__v1.0\hefd_mcs\hefd_mcs\directshow\baseclasses\debug\wxdebug.obj
v:\00__develop\_c1\hefd_mcs__vc2017__v1.0\hefd_mcs\hefd_mcs\directshow\baseclasses\debug\wxlist.obj
v:\00__develop\_c1\hefd_mcs__vc2017__v1.0\hefd_mcs\hefd_mcs\directshow\baseclasses\debug\wxutil.obj
v:\00__develop\_c1\hefd_mcs__vc2017__v1.0\hefd_mcs\hefd_mcs\directshow\baseclasses\debug\amextra.obj
v:\00__develop\_c1\hefd_mcs__vc2017__v1.0\hefd_mcs\hefd_mcs\directshow\baseclasses\debug\amfilter.obj
v:\00__develop\_c1\hefd_mcs__vc2017__v1.0\hefd_mcs\hefd_mcs\directshow\baseclasses\debug\amvideo.obj
v:\00__develop\_c1\hefd_mcs__vc2017__v1.0\hefd_mcs\hefd_mcs\directshow\baseclasses\debug\arithutil.obj
v:\00__develop\_c1\hefd_mcs__vc2017__v1.0\hefd_mcs\hefd_mcs\directshow\baseclasses\debug\combase.obj
v:\00__develop\_c1\hefd_mcs__vc2017__v1.0\hefd_mcs\hefd_mcs\directshow\baseclasses\debug\cprop.obj
v:\00__develop\_c1\hefd_mcs__vc2017__v1.0\hefd_mcs\hefd_mcs\directshow\baseclasses\debug\ctlutil.obj
v:\00__develop\_c1\hefd_mcs__vc2017__v1.0\hefd_mcs\hefd_mcs\directshow\baseclasses\debug\ddmm.obj
v:\00__develop\_c1\hefd_mcs__vc2017__v1.0\hefd_mcs\hefd_mcs\directshow\baseclasses\debug\dllentry.obj
v:\00__develop\_c1\hefd_mcs__vc2017__v1.0\hefd_mcs\hefd_mcs\directshow\baseclasses\debug\dllsetup.obj
v:\00__develop\_c1\hefd_mcs__vc2017__v1.0\hefd_mcs\hefd_mcs\directshow\baseclasses\debug\mtype.obj
v:\00__develop\_c1\hefd_mcs__vc2017__v1.0\hefd_mcs\hefd_mcs\directshow\baseclasses\debug\strmbasd.lib
v:\00__develop\_c1\hefd_mcs__vc2017__v1.0\hefd_mcs\hefd_mcs\directshow\baseclasses\debug\baseclasses.write.1.tlog
v:\00__develop\_c1\hefd_mcs__vc2017__v1.0\hefd_mcs\hefd_mcs\directshow\baseclasses\debug\cl.command.1.tlog
v:\00__develop\_c1\hefd_mcs__vc2017__v1.0\hefd_mcs\hefd_mcs\directshow\baseclasses\debug\cl.read.1.tlog
v:\00__develop\_c1\hefd_mcs__vc2017__v1.0\hefd_mcs\hefd_mcs\directshow\baseclasses\debug\cl.write.1.tlog
v:\00__develop\_c1\hefd_mcs__vc2017__v1.0\hefd_mcs\hefd_mcs\directshow\baseclasses\debug\lib-link.read.1.tlog
v:\00__develop\_c1\hefd_mcs__vc2017__v1.0\hefd_mcs\hefd_mcs\directshow\baseclasses\debug\lib-link.write.1.tlog
v:\00__develop\_c1\hefd_mcs__vc2017__v1.0\hefd_mcs\hefd_mcs\directshow\baseclasses\debug\lib.command.1.tlog
v:\00__develop\_c1\hefd_mcs__vc2017__v1.0\hefd_mcs\hefd_mcs\directshow\baseclasses\debug\vc100.idb
v:\00__develop\_c1\hefd_mcs__vc2017__v1.0\hefd_mcs\hefd_mcs\directshow\baseclasses\debug\vc100.pdb
v:\00__develop\_c1\hefd_mcs__vc2017__v1.0\hefd_mcs\hefd_mcs\directshow\baseclasses\debug\baseclasses.tlog\cl.command.1.tlog
v:\00__develop\_c1\hefd_mcs__vc2017__v1.0\hefd_mcs\hefd_mcs\directshow\baseclasses\debug\baseclasses.tlog\cl.read.1.tlog
v:\00__develop\_c1\hefd_mcs__vc2017__v1.0\hefd_mcs\hefd_mcs\directshow\baseclasses\debug\baseclasses.tlog\cl.write.1.tlog
v:\00__develop\_c1\hefd_mcs__vc2017__v1.0\hefd_mcs\hefd_mcs\directshow\baseclasses\debug\baseclasses.tlog\lib-link.read.1.tlog
v:\00__develop\_c1\hefd_mcs__vc2017__v1.0\hefd_mcs\hefd_mcs\directshow\baseclasses\debug\baseclasses.tlog\lib-link.write.1.tlog
v:\00__develop\_c1\hefd_mcs__vc2017__v1.0\hefd_mcs\hefd_mcs\directshow\baseclasses\debug\baseclasses.tlog\lib.command.1.tlog
